Start testing: Feb 16 22:00 EET
----------------------------------------------------------
1/4 Testing: context_tests
1/4 Test: context_tests
Command: "/home/oshrira/cli_adventure/build/context_tests"
Directory: /home/oshrira/cli_adventure/build
"context_tests" start time: Feb 16 22:00 EET
Output:
----------------------------------------------------------
<end of output>
Test time =   0.00 sec
----------------------------------------------------------
Test Passed.
"context_tests" end time: Feb 16 22:00 EET
"context_tests" time elapsed: 00:00:00
----------------------------------------------------------

2/4 Testing: parser_tests
2/4 Test: parser_tests
Command: "/home/oshrira/cli_adventure/build/parser_tests"
Directory: /home/oshrira/cli_adventure/build
"parser_tests" start time: Feb 16 22:00 EET
Output:
----------------------------------------------------------
<end of output>
Test time =   0.00 sec
----------------------------------------------------------
Test Passed.
"parser_tests" end time: Feb 16 22:00 EET
"parser_tests" time elapsed: 00:00:00
----------------------------------------------------------

3/4 Testing: choice_level_tests
3/4 Test: choice_level_tests
Command: "/home/oshrira/cli_adventure/build/choice_level_tests"
Directory: /home/oshrira/cli_adventure/build
"choice_level_tests" start time: Feb 16 22:00 EET
Output:
----------------------------------------------------------
<end of output>
Test time =   0.00 sec
----------------------------------------------------------
Test Passed.
"choice_level_tests" end time: Feb 16 22:00 EET
"choice_level_tests" time elapsed: 00:00:00
----------------------------------------------------------

4/4 Testing: engine_flow_tests
4/4 Test: engine_flow_tests
Command: "/home/oshrira/cli_adventure/build/engine_flow_tests"
Directory: /home/oshrira/cli_adventure/build
"engine_flow_tests" start time: Feb 16 22:00 EET
Output:
----------------------------------------------------------
<end of output>
Test time =   0.00 sec
----------------------------------------------------------
Test Passed.
"engine_flow_tests" end time: Feb 16 22:00 EET
"engine_flow_tests" time elapsed: 00:00:00
----------------------------------------------------------

End testing: Feb 16 22:00 EET
